ISim log file
Running: D:\tongt\Desktop\P4\P4_theSecondEdition\mips_test_isim_beh.exe -intstyle ise -gui -tclbatch isim.cmd -wdb D:/tongt/Desktop/P4/P4_theSecondEdition/mips_test_isim_beh.wdb 
ISim P.20131013 (signature 0x7708f090)
----------------------------------------------------------------------
WARNING:Security:42 - Your software subscription period has lapsed. Your current version of Xilinx tools will continue to function, but you no longer qualify for Xilinx software updates or new releases.


----------------------------------------------------------------------
This is a Full version of ISim.
Time resolution is 1 ps
# onerror resume
# wave add /
# run 1000 ns
Simulator is doing circuit initialization process.
Finished circuit initialization process.
@00003000: $ 1 <= 00010000
@00003004: $ 1 <= 000186a0
@0000300c: $ 1 <= 00030000
@00003010: $ 1 <= 0003640e
@00003018: *00000000 <= 0003640e
@0000301c: *00000004 <= 00000000
@00003020: $ 3 <= 0003640e
@00003024: $ 3 <= 0000000e
