ISim log file
Running: D:\tongt\Desktop\P6\P6_theFirstEdition\mips_test_isim_beh.exe -intstyle ise -gui -tclbatch isim.cmd -wdb D:/tongt/Desktop/P6/P6_theFirstEdition/mips_test_isim_beh.wdb 
ISim P.20131013 (signature 0x7708f090)
----------------------------------------------------------------------
WARNING:Security:42 - Your software subscription period has lapsed. Your current version of Xilinx tools will continue to function, but you no longer qualify for Xilinx software updates or new releases.


----------------------------------------------------------------------
This is a Full version of ISim.
Time resolution is 1 ps
# onerror resume
# wave add /
# run 1000 ns
Simulator is doing circuit initialization process.
Finished circuit initialization process.
                  45@00003000: $31 <= 00003000
                  75@0000300c: $ 1 <= a9990000
                  85@00003010: $ 1 <= a999f728
                  95@00003014: $ 2 <= e8a10000
                 105@00003018: $ 2 <= e8a1269c
                 115@0000301c: $ 3 <= fca50000
                 125@00003020: $ 3 <= fca5464b
                 135@00003024: $ 4 <= e0530000
                 145@00003028: $ 4 <= e053e744
                 155@0000302c: $ 5 <= 84820000
                 165@00003030: $ 5 <= 8482701c
                 175@00003034: $ 6 <= 08540000
                 185@00003038: $ 6 <= 0854a17d
                 195@0000303c: $ 7 <= b42f0000
                 205@00003040: $ 7 <= b42fcf19
                 215@00003044: $ 8 <= fb0b0000
                 225@00003048: $ 8 <= fb0bb01c
                 235@0000304c: $ 9 <= bde00000
                 245@00003050: $ 9 <= bde0413c
                 255@00003054: $10 <= fbbb0000
                 265@00003058: $10 <= fbbb203a
                 275@0000305c: $11 <= 1cf80000
                 285@00003060: $11 <= 1cf8a605
                 295@00003064: $12 <= 6efa0000
                 305@00003068: $12 <= 6efae1ae
                 315@0000306c: $13 <= 11950000
                 325@00003070: $13 <= 1195d3b9
                 335@00003074: $14 <= af5c0000
                 345@00003078: $14 <= af5cde81
                 355@0000307c: $15 <= 36da0000
                 365@00003080: $15 <= 36dae2da
                 375@00003084: $16 <= c22f0000
                 385@00003088: $16 <= c22ffea5
                 395@0000308c: $17 <= ffb40000
                 405@00003090: $17 <= ffb46fe7
                 415@00003094: $18 <= 73080000
                 425@00003098: $18 <= 73081547
                 435@0000309c: $19 <= 23e90000
                 445@000030a0: $19 <= 23e9ba94
                 445@000030a4: *00000000 <= b42fcf19
                 455@000030a8: *00000004 <= fca5464b
                 465@000030ac: *00000008 <= fb0bb01c
                 495@000030b4: $ 9 <= 00000001
                 505@000030b8: $19 <= 2898e128
                 515@000030bc: $13 <= 00000000
                 535@000030c4: $ 3 <= 96ed0000
                 545@000030c8: $13 <= af5cde81
                 555@000030cc: $12 <= d052a103
                 575@000030d4: $17 <= 718cdd26
                 585@000030d8: $12 <= 88c74fe2
                 595@000030dc: $15 <= 2898760d
                 605@000030e0: $16 <= 00000001
                 615@000030e4: $ 1 <= 1cf8a605
                 615@000030e8: *00000000 <= af5cde81
                 635@000030ec: $ 8 <= b42f91dc
                 645@000030f0: $ 6 <= e319ba4c
                 655@000030f4: $ 7 <= 00000001
                 665@000030f8: $ 3 <= 00000000
                 665@000030fc: *00000000 <= af5ce128
                 685@00003100: $ 5 <= 00000000
                 695@00003104: $12 <= 00000000
                 715@0000310c: $ 3 <= 2898e129
                 725@00003110: $ 7 <= d737a040
                 735@00003114: $13 <= 2898760d
                 745@00003118: $15 <= 00003000
                 755@0000311c: $15 <= 00000000
                 785@00003124: $ 5 <= fca5464b
                 795@00003128: $16 <= 2898b128
                 855@00003130: $ 5 <= fbbb203a
                 875@00003138: $19 <= d7f5548e
                 885@0000313c: $10 <= 5c650000
                 895@00003140: $ 8 <= 00000000
                 895@00003144: *00000000 <= af5ce105
                 915@00003148: $ 1 <= 00000000
                 915@0000314c: *00000000 <= af5c0000
                 935@00003150: $ 7 <= 718cdd26
                 955@00003158: $ 6 <= 00000000
                 965@0000315c: $17 <= 00000002
                 975@00003160: $ 4 <= fffffca5
                 985@00003164: $ 3 <= 2898b77c
                 995@00003168: $16 <= 00000000
# run 1.00us
                1015@0000316c: $14 <= 64ccc627
                1025@00003170: $31 <= 00003178
                1035@00003174: $17 <= 00000001
                1045@000031d4: $10 <= fbbffd3e
                1075@000031e0: $15 <= a0000000
                1085@000031e4: $ 3 <= ecede6bf
                1095@000031e8: $12 <= 00000000
                1115@000031f0: $14 <= 00000100
                1125@000031f4: $16 <= 00002ff0
                1135@000031f8: $10 <= 00000006
                1145@000031fc: $ 3 <= 00000003
                1155@00003200: $ 5 <= fffffffb
                1155@00003204: *00000000 <= 00000001
                1195@00003210: $ 2 <= a0000006
                1205@00003214: $15 <= 9f780000
                1235@0000321c: $16 <= 00000000
                1245@00003220: $18 <= 0000b01c
                1255@00003224: $16 <= 00000100
                1275@0000322c: $ 2 <= d7f5548f
                1285@00003234: *00000004 <= fca54600
                1305@00003238: $19 <= fffffeff
                1325@00003240: $ 8 <= 00000000
                1335@00003178: $19 <= 00000000
                1345@0000317c: $31 <= 00003184
                1355@00003180: $ 3 <= 00000100
                1355@00003204: *00000000 <= 00000001
                1395@00003210: $ 2 <= 9f780006
                1405@00003214: $15 <= 9f780000
                1435@0000321c: $16 <= 00000000
                1445@00003220: $18 <= 0000b01c
                1455@00003224: $16 <= 00000100
                1475@0000322c: $ 2 <= 00000100
                1485@00003234: *00000004 <= fca54600
                1505@00003238: $19 <= fffffeff
                1525@00003240: $ 8 <= 00000000
                1535@00003184: $ 3 <= 9f780000
                1555@0000318c: $ 9 <= 00000000
                1565@00003190: $18 <= e30759fb
                1575@00003194: $ 8 <= 28000000
                1585@00003198: $12 <= 00000100
                1595@0000319c: $10 <= e30759fa
                1605@000031a0: $16 <= 00000000
                1605@000031a4: *00000000 <= 00000000
                1625@000031a8: $ 4 <= 00000008
                1635@000031ac: $ 1 <= 00000000
                1675@000031bc: $ 7 <= 00000000
                1695@000031c4: $10 <= 0000b3b7
                1705@000031c8: $17 <= 00000000
                1715@000031cc: $13 <= fb0bb01c
                1735@000031d4: $10 <= fffffffb
                1855@000031e0: $15 <= b0000000
                1865@000031e4: $ 3 <= 00000100
                1875@000031e8: $12 <= 00000000
                1895@000031f0: $14 <= 00000000
                1905@000031f4: $16 <= 00002ff0
                1915@000031f8: $10 <= 00000007
                1925@000031fc: $ 3 <= 00000000
                1935@00003200: $ 5 <= 0000001c
                1935@00003204: *00000000 <= 00000000
                1975@00003210: $ 2 <= b0000007
                1985@00003214: $15 <= 9f780000
# run 1.00us
                2015@0000321c: $16 <= 00000000
                2025@00003220: $18 <= 0000b01c
                2035@00003224: $16 <= 00000000
                2055@0000322c: $ 2 <= fffffeff
                2065@00003234: *00000004 <= fca54600
                2085@00003238: $19 <= ffffffff
                2105@00003240: $ 8 <= 00000000
                2115@00003184: $ 3 <= 9f780000
                2135@0000318c: $ 9 <= 00000000
                2145@00003190: $18 <= e30759fb
                2155@00003194: $ 8 <= 40000000
                2165@00003198: $12 <= 00000000
                2175@0000319c: $10 <= e30759fa
                2185@000031a0: $16 <= 00000000
                2185@000031a4: *00000000 <= 00000000
                2205@000031a8: $ 4 <= 00000000
                2215@000031ac: $ 1 <= 00000000
                2255@000031bc: $ 7 <= 00000000
                2275@000031c4: $10 <= 0000b2b7
                2285@000031c8: $17 <= 00000000
                2295@000031cc: $13 <= fb0bb01c
                2315@000031d4: $10 <= 0000001c
                2435@000031e0: $15 <= c0000000
                2445@000031e4: $ 3 <= fffffeff
                2455@000031e8: $12 <= 00000000
                2475@000031f0: $14 <= 00000000
                2485@000031f4: $16 <= 00002ff0
                2495@000031f8: $10 <= 00000007
                2505@000031fc: $ 3 <= 00000003
                2515@00003200: $ 5 <= fffffffb
                2515@00003204: *00000000 <= 00000000
                2555@00003210: $ 2 <= c0000007
                2565@00003214: $15 <= 9f780000
                2595@0000321c: $16 <= 00000000
                2605@00003220: $18 <= 0000b01c
                2615@00003224: $16 <= 00000000
                2635@0000322c: $ 2 <= ffffffff
                2645@00003234: *00000004 <= fca54600
                2665@00003238: $19 <= ffffffff
                2685@00003240: $ 8 <= 00000000
                2695@00003184: $ 3 <= 9f780000
                2715@0000318c: $ 9 <= 00000000
                2725@00003190: $18 <= e30759fb
                2735@00003194: $ 8 <= 00000000
                2745@00003198: $12 <= 00000000
                2755@0000319c: $10 <= e30759fa
                2765@000031a0: $16 <= 00000000
                2765@000031a4: *00000000 <= 00000000
                2785@000031a8: $ 4 <= 00000000
                2795@000031ac: $ 1 <= 00000000
                2835@000031bc: $ 7 <= 00000001
                2855@000031c4: $10 <= 0000b2b7
                2865@000031c8: $17 <= 00000000
                2875@000031cc: $13 <= fb0bb01c
                2895@000031d4: $10 <= fffffffb
                2925@000031e0: $15 <= b0000000
                2935@000031e4: $ 3 <= ffffffff
                2945@000031e8: $12 <= 00000000
                2965@000031f0: $14 <= 00000001
                2975@000031f4: $16 <= 00002ff0
                2985@000031f8: $10 <= 00000007
                2995@000031fc: $ 3 <= 00000003
# run 1.00us
                3005@00003200: $ 5 <= fffffffb
                3005@00003204: *00000000 <= 00000000
                3045@00003210: $ 2 <= b0000007
                3055@00003214: $15 <= 9f780000
                3085@0000321c: $16 <= 00000000
                3095@00003220: $18 <= 0000b01c
                3105@00003224: $16 <= 00000000
                3125@0000322c: $ 2 <= ffffffff
                3135@00003234: *00000004 <= fca54600
                3155@00003238: $19 <= ffffffff
                3175@00003240: $ 8 <= 00000000
                3185@00003184: $ 3 <= 9f780000
                3205@0000318c: $ 9 <= 00000000
                3215@00003190: $18 <= e30759fb
                3225@00003194: $ 8 <= 00000000
                3235@00003198: $12 <= 00000000
                3245@0000319c: $10 <= e30759fa
                3255@000031a0: $16 <= 00000000
                3255@000031a4: *00000000 <= 00000000
                3275@000031a8: $ 4 <= 00000000
                3285@000031ac: $ 1 <= 00000000
                3325@000031bc: $ 7 <= 00000001
                3345@000031c4: $10 <= 0000b2b6
                3355@000031c8: $17 <= 00000000
                3365@000031cc: $13 <= fb0bb01c
                3385@000031d4: $10 <= fffffffb
                3415@000031e0: $15 <= b0000000
                3425@000031e4: $ 3 <= ffffffff
                3435@000031e8: $12 <= 00000000
                3455@000031f0: $14 <= 00000001
                3465@000031f4: $16 <= 00002ff0
                3475@000031f8: $10 <= 00000007
                3485@000031fc: $ 3 <= 00000003
                3495@00003200: $ 5 <= fffffffb
                3495@00003204: *00000000 <= 00000000
                3535@00003210: $ 2 <= b0000007
                3545@00003214: $15 <= 9f780000
                3575@0000321c: $16 <= 00000000
                3585@00003220: $18 <= 0000b01c
                3595@00003224: $16 <= 00000000
                3615@0000322c: $ 2 <= ffffffff
                3625@00003234: *00000004 <= fca54600
                3645@00003238: $19 <= ffffffff
                3665@00003240: $ 8 <= 00000001
                3675@00003184: $ 3 <= 3ef00000
                3695@0000318c: $ 9 <= 00000000
                3705@00003190: $18 <= e30759fb
                3715@00003194: $ 8 <= 00000000
                3725@00003198: $12 <= 00000000
                3735@0000319c: $10 <= e30759fa
                3745@000031a0: $16 <= 00000000
                3745@000031a4: *00000000 <= 00000000
                3765@000031a8: $ 4 <= 00000000
                3775@000031ac: $ 1 <= 00000000
                3815@000031bc: $ 7 <= 00000001
                3835@000031c4: $10 <= 0000b2b6
                3845@000031c8: $17 <= 00000000
                3855@000031cc: $13 <= fb0bb01c
                3875@000031d4: $10 <= fffffffb
                3905@000031e0: $15 <= b0000000
                3915@000031e4: $ 3 <= ffffffff
                3925@000031e8: $12 <= 00000000
                3945@000031f0: $14 <= 00000001
                3955@000031f4: $16 <= 00002ff0
                3965@000031f8: $10 <= 00000007
                3975@000031fc: $ 3 <= 00000003
                3985@00003200: $ 5 <= fffffffb
                3985@00003204: *00000000 <= 00000000
# run 1.00us
                4025@00003210: $ 2 <= b0000007
                4035@00003214: $15 <= 9f780000
                4065@0000321c: $16 <= 00000000
                4075@00003220: $18 <= 0000b01c
                4085@00003224: $16 <= 00000000
                4105@0000322c: $ 2 <= ffffffff
                4115@00003234: *00000004 <= fca54600
                4135@00003238: $19 <= ffffffff
                4155@00003240: $ 8 <= 00000001
                4165@00003184: $ 3 <= 3ef00000
                4185@0000318c: $ 9 <= 00000000
                4195@00003190: $18 <= e30759fb
                4205@00003194: $ 8 <= 00000000
                4215@00003198: $12 <= 00000000
                4225@0000319c: $10 <= e30759fa
                4235@000031a0: $16 <= 00000000
                4235@000031a4: *00000000 <= 00000000
                4255@000031a8: $ 4 <= 00000000
                4265@000031ac: $ 1 <= 00000000
                4305@000031bc: $ 7 <= 00000001
                4325@000031c4: $10 <= 0000b2b6
                4335@000031c8: $17 <= 00000000
                4345@000031cc: $13 <= fb0bb01c
                4365@000031d4: $10 <= fffffffb
                4395@000031e0: $15 <= b0000000
                4405@000031e4: $ 3 <= ffffffff
                4415@000031e8: $12 <= 00000000
                4435@000031f0: $14 <= 00000001
                4445@000031f4: $16 <= 00002ff0
                4455@000031f8: $10 <= 00000007
                4465@000031fc: $ 3 <= 00000003
                4475@00003200: $ 5 <= fffffffb
                4475@00003204: *00000000 <= 00000000
                4515@00003210: $ 2 <= b0000007
                4525@00003214: $15 <= 9f780000
                4555@0000321c: $16 <= 00000000
                4565@00003220: $18 <= 0000b01c
                4575@00003224: $16 <= 00000000
                4595@0000322c: $ 2 <= ffffffff
                4605@00003234: *00000004 <= fca54600
                4625@00003238: $19 <= ffffffff
                4645@00003240: $ 8 <= 00000001
                4655@00003184: $ 3 <= 3ef00000
                4675@0000318c: $ 9 <= 00000000
                4685@00003190: $18 <= e30759fb
                4695@00003194: $ 8 <= 00000000
                4705@00003198: $12 <= 00000000
                4715@0000319c: $10 <= e30759fa
                4725@000031a0: $16 <= 00000000
                4725@000031a4: *00000000 <= 00000000
                4745@000031a8: $ 4 <= 00000000
                4755@000031ac: $ 1 <= 00000000
                4795@000031bc: $ 7 <= 00000001
                4815@000031c4: $10 <= 0000b2b6
                4825@000031c8: $17 <= 00000000
                4835@000031cc: $13 <= fb0bb01c
                4855@000031d4: $10 <= fffffffb
                4885@000031e0: $15 <= b0000000
                4895@000031e4: $ 3 <= ffffffff
                4905@000031e8: $12 <= 00000000
                4925@000031f0: $14 <= 00000001
                4935@000031f4: $16 <= 00002ff0
                4945@000031f8: $10 <= 00000007
                4955@000031fc: $ 3 <= 00000003
                4965@00003200: $ 5 <= fffffffb
                4965@00003204: *00000000 <= 00000000
# run 1.00us
                5005@00003210: $ 2 <= b0000007
                5015@00003214: $15 <= 9f780000
                5045@0000321c: $16 <= 00000000
                5055@00003220: $18 <= 0000b01c
                5065@00003224: $16 <= 00000000
                5085@0000322c: $ 2 <= ffffffff
                5095@00003234: *00000004 <= fca54600
                5115@00003238: $19 <= ffffffff
                5135@00003240: $ 8 <= 00000001
                5145@00003184: $ 3 <= 3ef00000
                5165@0000318c: $ 9 <= 00000000
                5175@00003190: $18 <= e30759fb
                5185@00003194: $ 8 <= 00000000
                5195@00003198: $12 <= 00000000
                5205@0000319c: $10 <= e30759fa
                5215@000031a0: $16 <= 00000000
                5215@000031a4: *00000000 <= 00000000
                5235@000031a8: $ 4 <= 00000000
                5245@000031ac: $ 1 <= 00000000
                5285@000031bc: $ 7 <= 00000001
                5305@000031c4: $10 <= 0000b2b6
                5315@000031c8: $17 <= 00000000
                5325@000031cc: $13 <= fb0bb01c
                5345@000031d4: $10 <= fffffffb
                5375@000031e0: $15 <= b0000000
                5385@000031e4: $ 3 <= ffffffff
                5395@000031e8: $12 <= 00000000
                5415@000031f0: $14 <= 00000001
                5425@000031f4: $16 <= 00002ff0
                5435@000031f8: $10 <= 00000007
                5445@000031fc: $ 3 <= 00000003
                5455@00003200: $ 5 <= fffffffb
                5455@00003204: *00000000 <= 00000000
                5495@00003210: $ 2 <= b0000007
                5505@00003214: $15 <= 9f780000
                5535@0000321c: $16 <= 00000000
                5545@00003220: $18 <= 0000b01c
                5555@00003224: $16 <= 00000000
                5575@0000322c: $ 2 <= ffffffff
                5585@00003234: *00000004 <= fca54600
                5605@00003238: $19 <= ffffffff
                5625@00003240: $ 8 <= 00000001
                5635@00003184: $ 3 <= 3ef00000
                5655@0000318c: $ 9 <= 00000000
                5665@00003190: $18 <= e30759fb
                5675@00003194: $ 8 <= 00000000
                5685@00003198: $12 <= 00000000
                5695@0000319c: $10 <= e30759fa
                5705@000031a0: $16 <= 00000000
                5705@000031a4: *00000000 <= 00000000
                5725@000031a8: $ 4 <= 00000000
                5735@000031ac: $ 1 <= 00000000
                5775@000031bc: $ 7 <= 00000001
                5795@000031c4: $10 <= 0000b2b6
                5805@000031c8: $17 <= 00000000
                5815@000031cc: $13 <= fb0bb01c
                5835@000031d4: $10 <= fffffffb
                5865@000031e0: $15 <= b0000000
                5875@000031e4: $ 3 <= ffffffff
                5885@000031e8: $12 <= 00000000
                5905@000031f0: $14 <= 00000001
                5915@000031f4: $16 <= 00002ff0
                5925@000031f8: $10 <= 00000007
                5935@000031fc: $ 3 <= 00000003
                5945@00003200: $ 5 <= fffffffb
                5945@00003204: *00000000 <= 00000000
                5985@00003210: $ 2 <= b0000007
                5995@00003214: $15 <= 9f780000
# run 1.00us
                6025@0000321c: $16 <= 00000000
                6035@00003220: $18 <= 0000b01c
                6045@00003224: $16 <= 00000000
                6065@0000322c: $ 2 <= ffffffff
                6075@00003234: *00000004 <= fca54600
                6095@00003238: $19 <= ffffffff
                6115@00003240: $ 8 <= 00000001
                6125@00003184: $ 3 <= 3ef00000
                6145@0000318c: $ 9 <= 00000000
                6155@00003190: $18 <= e30759fb
                6165@00003194: $ 8 <= 00000000
                6175@00003198: $12 <= 00000000
                6185@0000319c: $10 <= e30759fa
                6195@000031a0: $16 <= 00000000
                6195@000031a4: *00000000 <= 00000000
                6215@000031a8: $ 4 <= 00000000
                6225@000031ac: $ 1 <= 00000000
                6265@000031bc: $ 7 <= 00000001
                6285@000031c4: $10 <= 0000b2b6
                6295@000031c8: $17 <= 00000000
                6305@000031cc: $13 <= fb0bb01c
                6325@000031d4: $10 <= fffffffb
                6355@000031e0: $15 <= b0000000
                6365@000031e4: $ 3 <= ffffffff
                6375@000031e8: $12 <= 00000000
                6395@000031f0: $14 <= 00000001
                6405@000031f4: $16 <= 00002ff0
                6415@000031f8: $10 <= 00000007
                6425@000031fc: $ 3 <= 00000003
                6435@00003200: $ 5 <= fffffffb
                6435@00003204: *00000000 <= 00000000
                6475@00003210: $ 2 <= b0000007
                6485@00003214: $15 <= 9f780000
                6515@0000321c: $16 <= 00000000
                6525@00003220: $18 <= 0000b01c
                6535@00003224: $16 <= 00000000
                6555@0000322c: $ 2 <= ffffffff
                6565@00003234: *00000004 <= fca54600
                6585@00003238: $19 <= ffffffff
                6605@00003240: $ 8 <= 00000001
                6615@00003184: $ 3 <= 3ef00000
                6635@0000318c: $ 9 <= 00000000
                6645@00003190: $18 <= e30759fb
                6655@00003194: $ 8 <= 00000000
                6665@00003198: $12 <= 00000000
                6675@0000319c: $10 <= e30759fa
                6685@000031a0: $16 <= 00000000
                6685@000031a4: *00000000 <= 00000000
                6705@000031a8: $ 4 <= 00000000
                6715@000031ac: $ 1 <= 00000000
                6755@000031bc: $ 7 <= 00000001
                6775@000031c4: $10 <= 0000b2b6
                6785@000031c8: $17 <= 00000000
                6795@000031cc: $13 <= fb0bb01c
                6815@000031d4: $10 <= fffffffb
                6845@000031e0: $15 <= b0000000
                6855@000031e4: $ 3 <= ffffffff
                6865@000031e8: $12 <= 00000000
                6885@000031f0: $14 <= 00000001
                6895@000031f4: $16 <= 00002ff0
                6905@000031f8: $10 <= 00000007
                6915@000031fc: $ 3 <= 00000003
                6925@00003200: $ 5 <= fffffffb
                6925@00003204: *00000000 <= 00000000
                6965@00003210: $ 2 <= b0000007
                6975@00003214: $15 <= 9f780000
# run 1.00us
                7005@0000321c: $16 <= 00000000
                7015@00003220: $18 <= 0000b01c
                7025@00003224: $16 <= 00000000
                7045@0000322c: $ 2 <= ffffffff
                7055@00003234: *00000004 <= fca54600
                7075@00003238: $19 <= ffffffff
                7095@00003240: $ 8 <= 00000001
                7105@00003184: $ 3 <= 3ef00000
                7125@0000318c: $ 9 <= 00000000
                7135@00003190: $18 <= e30759fb
                7145@00003194: $ 8 <= 00000000
                7155@00003198: $12 <= 00000000
                7165@0000319c: $10 <= e30759fa
                7175@000031a0: $16 <= 00000000
                7175@000031a4: *00000000 <= 00000000
                7195@000031a8: $ 4 <= 00000000
                7205@000031ac: $ 1 <= 00000000
                7245@000031bc: $ 7 <= 00000001
                7265@000031c4: $10 <= 0000b2b6
                7275@000031c8: $17 <= 00000000
                7285@000031cc: $13 <= fb0bb01c
                7305@000031d4: $10 <= fffffffb
                7335@000031e0: $15 <= b0000000
                7345@000031e4: $ 3 <= ffffffff
                7355@000031e8: $12 <= 00000000
                7375@000031f0: $14 <= 00000001
                7385@000031f4: $16 <= 00002ff0
                7395@000031f8: $10 <= 00000007
                7405@000031fc: $ 3 <= 00000003
                7415@00003200: $ 5 <= fffffffb
                7415@00003204: *00000000 <= 00000000
                7455@00003210: $ 2 <= b0000007
                7465@00003214: $15 <= 9f780000
                7495@0000321c: $16 <= 00000000
                7505@00003220: $18 <= 0000b01c
                7515@00003224: $16 <= 00000000
                7535@0000322c: $ 2 <= ffffffff
                7545@00003234: *00000004 <= fca54600
                7565@00003238: $19 <= ffffffff
                7585@00003240: $ 8 <= 00000001
                7595@00003184: $ 3 <= 3ef00000
                7615@0000318c: $ 9 <= 00000000
                7625@00003190: $18 <= e30759fb
                7635@00003194: $ 8 <= 00000000
                7645@00003198: $12 <= 00000000
                7655@0000319c: $10 <= e30759fa
                7665@000031a0: $16 <= 00000000
                7665@000031a4: *00000000 <= 00000000
                7685@000031a8: $ 4 <= 00000000
                7695@000031ac: $ 1 <= 00000000
                7735@000031bc: $ 7 <= 00000001
                7755@000031c4: $10 <= 0000b2b6
                7765@000031c8: $17 <= 00000000
                7775@000031cc: $13 <= fb0bb01c
                7795@000031d4: $10 <= fffffffb
                7825@000031e0: $15 <= b0000000
                7835@000031e4: $ 3 <= ffffffff
                7845@000031e8: $12 <= 00000000
                7865@000031f0: $14 <= 00000001
                7875@000031f4: $16 <= 00002ff0
                7885@000031f8: $10 <= 00000007
                7895@000031fc: $ 3 <= 00000003
                7905@00003200: $ 5 <= fffffffb
                7905@00003204: *00000000 <= 00000000
                7945@00003210: $ 2 <= b0000007
                7955@00003214: $15 <= 9f780000
                7985@0000321c: $16 <= 00000000
                7995@00003220: $18 <= 0000b01c
# run 1.00us
                8005@00003224: $16 <= 00000000
                8025@0000322c: $ 2 <= ffffffff
                8035@00003234: *00000004 <= fca54600
                8055@00003238: $19 <= ffffffff
                8075@00003240: $ 8 <= 00000001
                8085@00003184: $ 3 <= 3ef00000
                8105@0000318c: $ 9 <= 00000000
                8115@00003190: $18 <= e30759fb
                8125@00003194: $ 8 <= 00000000
                8135@00003198: $12 <= 00000000
                8145@0000319c: $10 <= e30759fa
                8155@000031a0: $16 <= 00000000
                8155@000031a4: *00000000 <= 00000000
                8175@000031a8: $ 4 <= 00000000
                8185@000031ac: $ 1 <= 00000000
                8225@000031bc: $ 7 <= 00000001
                8245@000031c4: $10 <= 0000b2b6
                8255@000031c8: $17 <= 00000000
                8265@000031cc: $13 <= fb0bb01c
                8285@000031d4: $10 <= fffffffb
                8315@000031e0: $15 <= b0000000
                8325@000031e4: $ 3 <= ffffffff
                8335@000031e8: $12 <= 00000000
                8355@000031f0: $14 <= 00000001
                8365@000031f4: $16 <= 00002ff0
                8375@000031f8: $10 <= 00000007
                8385@000031fc: $ 3 <= 00000003
                8395@00003200: $ 5 <= fffffffb
                8395@00003204: *00000000 <= 00000000
                8435@00003210: $ 2 <= b0000007
                8445@00003214: $15 <= 9f780000
                8475@0000321c: $16 <= 00000000
                8485@00003220: $18 <= 0000b01c
                8495@00003224: $16 <= 00000000
                8515@0000322c: $ 2 <= ffffffff
                8525@00003234: *00000004 <= fca54600
                8545@00003238: $19 <= ffffffff
                8565@00003240: $ 8 <= 00000001
                8575@00003184: $ 3 <= 3ef00000
                8595@0000318c: $ 9 <= 00000000
                8605@00003190: $18 <= e30759fb
                8615@00003194: $ 8 <= 00000000
                8625@00003198: $12 <= 00000000
                8635@0000319c: $10 <= e30759fa
                8645@000031a0: $16 <= 00000000
                8645@000031a4: *00000000 <= 00000000
                8665@000031a8: $ 4 <= 00000000
                8675@000031ac: $ 1 <= 00000000
                8715@000031bc: $ 7 <= 00000001
                8735@000031c4: $10 <= 0000b2b6
                8745@000031c8: $17 <= 00000000
                8755@000031cc: $13 <= fb0bb01c
                8775@000031d4: $10 <= fffffffb
                8805@000031e0: $15 <= b0000000
                8815@000031e4: $ 3 <= ffffffff
                8825@000031e8: $12 <= 00000000
                8845@000031f0: $14 <= 00000001
                8855@000031f4: $16 <= 00002ff0
                8865@000031f8: $10 <= 00000007
                8875@000031fc: $ 3 <= 00000003
                8885@00003200: $ 5 <= fffffffb
                8885@00003204: *00000000 <= 00000000
                8925@00003210: $ 2 <= b0000007
                8935@00003214: $15 <= 9f780000
                8965@0000321c: $16 <= 00000000
                8975@00003220: $18 <= 0000b01c
                8985@00003224: $16 <= 00000000
# run 1.00us
                9005@0000322c: $ 2 <= ffffffff
                9015@00003234: *00000004 <= fca54600
                9035@00003238: $19 <= ffffffff
                9055@00003240: $ 8 <= 00000001
                9065@00003184: $ 3 <= 3ef00000
                9085@0000318c: $ 9 <= 00000000
                9095@00003190: $18 <= e30759fb
                9105@00003194: $ 8 <= 00000000
                9115@00003198: $12 <= 00000000
                9125@0000319c: $10 <= e30759fa
                9135@000031a0: $16 <= 00000000
                9135@000031a4: *00000000 <= 00000000
                9155@000031a8: $ 4 <= 00000000
                9165@000031ac: $ 1 <= 00000000
                9205@000031bc: $ 7 <= 00000001
                9225@000031c4: $10 <= 0000b2b6
                9235@000031c8: $17 <= 00000000
                9245@000031cc: $13 <= fb0bb01c
                9265@000031d4: $10 <= fffffffb
                9295@000031e0: $15 <= b0000000
                9305@000031e4: $ 3 <= ffffffff
                9315@000031e8: $12 <= 00000000
                9335@000031f0: $14 <= 00000001
                9345@000031f4: $16 <= 00002ff0
                9355@000031f8: $10 <= 00000007
                9365@000031fc: $ 3 <= 00000003
                9375@00003200: $ 5 <= fffffffb
                9375@00003204: *00000000 <= 00000000
                9415@00003210: $ 2 <= b0000007
                9425@00003214: $15 <= 9f780000
                9455@0000321c: $16 <= 00000000
                9465@00003220: $18 <= 0000b01c
                9475@00003224: $16 <= 00000000
                9495@0000322c: $ 2 <= ffffffff
                9505@00003234: *00000004 <= fca54600
                9525@00003238: $19 <= ffffffff
                9545@00003240: $ 8 <= 00000001
                9555@00003184: $ 3 <= 3ef00000
                9575@0000318c: $ 9 <= 00000000
                9585@00003190: $18 <= e30759fb
                9595@00003194: $ 8 <= 00000000
                9605@00003198: $12 <= 00000000
                9615@0000319c: $10 <= e30759fa
                9625@000031a0: $16 <= 00000000
                9625@000031a4: *00000000 <= 00000000
                9645@000031a8: $ 4 <= 00000000
                9655@000031ac: $ 1 <= 00000000
                9695@000031bc: $ 7 <= 00000001
                9715@000031c4: $10 <= 0000b2b6
                9725@000031c8: $17 <= 00000000
                9735@000031cc: $13 <= fb0bb01c
                9755@000031d4: $10 <= fffffffb
                9785@000031e0: $15 <= b0000000
                9795@000031e4: $ 3 <= ffffffff
                9805@000031e8: $12 <= 00000000
                9825@000031f0: $14 <= 00000001
                9835@000031f4: $16 <= 00002ff0
                9845@000031f8: $10 <= 00000007
                9855@000031fc: $ 3 <= 00000003
                9865@00003200: $ 5 <= fffffffb
                9865@00003204: *00000000 <= 00000000
                9905@00003210: $ 2 <= b0000007
                9915@00003214: $15 <= 9f780000
                9945@0000321c: $16 <= 00000000
                9955@00003220: $18 <= 0000b01c
                9965@00003224: $16 <= 00000000
                9985@0000322c: $ 2 <= ffffffff
                9995@00003234: *00000004 <= fca54600
# run 1.00us
               10015@00003238: $19 <= ffffffff
               10035@00003240: $ 8 <= 00000001
               10045@00003184: $ 3 <= 3ef00000
               10065@0000318c: $ 9 <= 00000000
               10075@00003190: $18 <= e30759fb
               10085@00003194: $ 8 <= 00000000
               10095@00003198: $12 <= 00000000
               10105@0000319c: $10 <= e30759fa
               10115@000031a0: $16 <= 00000000
               10115@000031a4: *00000000 <= 00000000
               10135@000031a8: $ 4 <= 00000000
               10145@000031ac: $ 1 <= 00000000
               10185@000031bc: $ 7 <= 00000001
               10205@000031c4: $10 <= 0000b2b6
               10215@000031c8: $17 <= 00000000
               10225@000031cc: $13 <= fb0bb01c
               10245@000031d4: $10 <= fffffffb
               10275@000031e0: $15 <= b0000000
               10285@000031e4: $ 3 <= ffffffff
               10295@000031e8: $12 <= 00000000
               10315@000031f0: $14 <= 00000001
               10325@000031f4: $16 <= 00002ff0
               10335@000031f8: $10 <= 00000007
               10345@000031fc: $ 3 <= 00000003
               10355@00003200: $ 5 <= fffffffb
               10355@00003204: *00000000 <= 00000000
               10395@00003210: $ 2 <= b0000007
               10405@00003214: $15 <= 9f780000
               10435@0000321c: $16 <= 00000000
               10445@00003220: $18 <= 0000b01c
               10455@00003224: $16 <= 00000000
               10475@0000322c: $ 2 <= ffffffff
               10485@00003234: *00000004 <= fca54600
               10505@00003238: $19 <= ffffffff
               10525@00003240: $ 8 <= 00000001
               10535@00003184: $ 3 <= 3ef00000
               10555@0000318c: $ 9 <= 00000000
               10565@00003190: $18 <= e30759fb
               10575@00003194: $ 8 <= 00000000
               10585@00003198: $12 <= 00000000
               10595@0000319c: $10 <= e30759fa
               10605@000031a0: $16 <= 00000000
               10605@000031a4: *00000000 <= 00000000
               10625@000031a8: $ 4 <= 00000000
               10635@000031ac: $ 1 <= 00000000
               10675@000031bc: $ 7 <= 00000001
               10695@000031c4: $10 <= 0000b2b6
               10705@000031c8: $17 <= 00000000
               10715@000031cc: $13 <= fb0bb01c
               10735@000031d4: $10 <= fffffffb
               10765@000031e0: $15 <= b0000000
               10775@000031e4: $ 3 <= ffffffff
               10785@000031e8: $12 <= 00000000
               10805@000031f0: $14 <= 00000001
               10815@000031f4: $16 <= 00002ff0
               10825@000031f8: $10 <= 00000007
               10835@000031fc: $ 3 <= 00000003
               10845@00003200: $ 5 <= fffffffb
               10845@00003204: *00000000 <= 00000000
               10885@00003210: $ 2 <= b0000007
               10895@00003214: $15 <= 9f780000
               10925@0000321c: $16 <= 00000000
               10935@00003220: $18 <= 0000b01c
               10945@00003224: $16 <= 00000000
               10965@0000322c: $ 2 <= ffffffff
               10975@00003234: *00000004 <= fca54600
               10995@00003238: $19 <= ffffffff
