Running: D:\Xilinx\14.7\ISE_DS\ISE\bin\nt64\unwrapped\fuse.exe -intstyle ise -incremental -lib unisims_ver -lib unimacro_ver -lib xilinxcorelib_ver -o D:/tongt/Desktop/P8/P8_1.0/mips_txt_isim_beh.exe -prj D:/tongt/Desktop/P8/P8_1.0/mips_txt_beh.prj work.mips_txt work.glbl 
ISim P.20131013 (signature 0x7708f090)
Number of CPUs detected in this system: 8
Turning on mult-threading, number of parallel sub-compilation jobs: 16 
Determining compilation order of HDL files
Analyzing Verilog file "D:/tongt/Desktop/P8/P8_1.0/Stall.v" into library work
Analyzing Verilog file "D:/tongt/Desktop/P8/P8_1.0/PC.v" into library work
Analyzing Verilog file "D:/tongt/Desktop/P8/P8_1.0/NPC.v" into library work
Analyzing Verilog file "D:/tongt/Desktop/P8/P8_1.0/MEM_WB.v" into library work
Analyzing Verilog file "D:/tongt/Desktop/P8/P8_1.0/MDM.v" into library work
Analyzing Verilog file "D:/tongt/Desktop/P8/P8_1.0/IM.v" into library work
Analyzing Verilog file "D:/tongt/Desktop/P8/P8_1.0/IF_ID.v" into library work
Analyzing Verilog file "D:/tongt/Desktop/P8/P8_1.0/ID_EXE.v" into library work
Analyzing Verilog file "D:/tongt/Desktop/P8/P8_1.0/GRF.v" into library work
Analyzing Verilog file "D:/tongt/Desktop/P8/P8_1.0/Forward.v" into library work
Analyzing Verilog file "D:/tongt/Desktop/P8/P8_1.0/EX_MEM.v" into library work
Analyzing Verilog file "D:/tongt/Desktop/P8/P8_1.0/EXT.v" into library work
Analyzing Verilog file "D:/tongt/Desktop/P8/P8_1.0/DM.v" into library work
Analyzing Verilog file "D:/tongt/Desktop/P8/P8_1.0/CP0.v" into library work
Analyzing Verilog file "D:/tongt/Desktop/P8/P8_1.0/Controller.v" into library work
Analyzing Verilog file "D:/tongt/Desktop/P8/P8_1.0/ALU.v" into library work
Analyzing Verilog file "D:/tongt/Desktop/P8/P8_1.0/Timer.v" into library work
Analyzing Verilog file "D:/tongt/Desktop/P8/P8_1.0/CPU.v" into library work
Analyzing Verilog file "D:/tongt/Desktop/P8/P8_1.0/Bridge.v" into library work
Analyzing Verilog file "D:/tongt/Desktop/P8/P8_1.0/mips.v" into library work
Analyzing Verilog file "D:/tongt/Desktop/P8/P8_1.0/tb.v" into library work
Analyzing Verilog file "D:/Xilinx/14.7/ISE_DS/ISE//verilog/src/glbl.v" into library work
Starting static elaboration
WARNING:HDLCompiler:1016 - "D:/tongt/Desktop/P8/P8_1.0/CPU.v" Line 145: Port RegWrite is not connected to this instance
WARNING:HDLCompiler:1016 - "D:/tongt/Desktop/P8/P8_1.0/CPU.v" Line 260: Port MemtoReg is not connected to this instance
WARNING:HDLCompiler:1016 - "D:/tongt/Desktop/P8/P8_1.0/CPU.v" Line 360: Port MemtoReg is not connected to this instance
WARNING:HDLCompiler:1016 - "D:/tongt/Desktop/P8/P8_1.0/CPU.v" Line 457: Port MemWrite is not connected to this instance
Completed static elaboration
Compiling module PC
Compiling module IM
Compiling module IF_ID
Compiling module Controller
Compiling module GRF
Compiling module EXT
Compiling module NPC
Compiling module ID_EX
Compiling module ALU
Compiling module MDM
Compiling module EX_MEM
Compiling module DM
Compiling module CP0
Compiling module MEM_WB
Compiling module Stall
Compiling module Forward
Compiling module CPU
Compiling module Bridge
Compiling module Timer
Compiling module mips
Compiling module mips_txt
Compiling module glbl
Time Resolution for simulation is 1ps.
Waiting for 1 sub-compilation(s) to finish...
WARNING:Simulator - Unable to copy libPortabilityNOSH.dll to the simulation executable directory: boost::filesystem::copy_file: 系统找不到指定的路径。, "isim\mips_txt_isim_beh.exe.sim\libPortability.dll".
Compiled 22 Verilog Units
Built simulation executable D:/tongt/Desktop/P8/P8_1.0/mips_txt_isim_beh.exe
Fuse Memory Usage: 33584 KB
Fuse CPU Usage: 1218 ms
