INFO:sim:172 - Generating IP...
Resolving generics for 'DataMemory'...
Applying external generics to 'DataMemory'...
Delivering associated files for 'DataMemory'...
Delivering EJava files for 'DataMemory'...
Generating implementation netlist for 'DataMemory'...
INFO:sim - Pre-processing HDL files for 'DataMemory'...
Running synthesis for 'DataMemory'
Running ngcbuild...
Writing VEO instantiation template for 'DataMemory'...
Writing Verilog behavioral simulation model for 'DataMemory'...
WARNING:sim - Overwriting existing file
   D:/tongt/Desktop/P8/P8_3.0/ipcore_dir/tmp/_cg/DataMemory/doc/blk_mem_gen_v7_3
   _vinfo.html with file from view xilinx_documentation
Delivered 1 file into directory
D:/tongt/Desktop/P8/P8_3.0/ipcore_dir/tmp/_cg/DataMemory
Generating ASY schematic symbol...
INFO:sim:949 - Finished generation of ASY schematic symbol.
Generating SYM schematic symbol for 'DataMemory'...
Generating metadata file...
Generating ISE project file for 'DataMemory'...
Generating ISE project...
XCO file found: DataMemory.xco
XMDF file found: DataMemory_xmdf.tcl
Adding D:/tongt/Desktop/P8/P8_3.0/ipcore_dir/tmp/_cg/DataMemory.asy -view all
-origin_type imported
Adding D:/tongt/Desktop/P8/P8_3.0/ipcore_dir/tmp/_cg/DataMemory.ngc -view all
-origin_type created
Checking file "D:/tongt/Desktop/P8/P8_3.0/ipcore_dir/tmp/_cg/DataMemory.ngc" for
project device match ...
File "D:/tongt/Desktop/P8/P8_3.0/ipcore_dir/tmp/_cg/DataMemory.ngc" device
information matches project device.
Adding D:/tongt/Desktop/P8/P8_3.0/ipcore_dir/tmp/_cg/DataMemory.sym -view all
-origin_type imported
Adding D:/tongt/Desktop/P8/P8_3.0/ipcore_dir/tmp/_cg/DataMemory.v -view all
-origin_type created
INFO:HDLCompiler:1845 - Analyzing Verilog file
   "D:/tongt/Desktop/P8/P8_3.0/ipcore_dir/tmp/_cg/DataMemory.v" into library
   work
INFO:ProjectMgmt - Parsing design hierarchy completed successfully.
Adding D:/tongt/Desktop/P8/P8_3.0/ipcore_dir/tmp/_cg/DataMemory.veo -view all
-origin_type imported
INFO:TclTasksC:2116 - The automatic calculation of top has been turned-off.
   Please set the new top explicitly by running the "project set top" command.
   To re-calculate the new top automatically, set the "Auto Implementation Top"
   property to true.
Top level has been set to "/DataMemory"
Generating README file...
Generating FLIST file...
INFO:sim:948 - Finished FLIST file generation.
Launching README viewer...
Moving files to output directory...
Finished moving files to output directory
Wrote CGP file for project 'DataMemory'.
