ISim log file
Running: D:\tongt\Desktop\P4\P4_theFirstEdition\mips_test_isim_beh.exe -intstyle ise -gui -tclbatch isim.cmd -wdb D:/tongt/Desktop/P4/P4_theFirstEdition/mips_test_isim_beh.wdb 
ISim P.20131013 (signature 0x7708f090)
----------------------------------------------------------------------
WARNING:Security:42 - Your software subscription period has lapsed. Your current version of Xilinx tools will continue to function, but you no longer qualify for Xilinx software updates or new releases.


----------------------------------------------------------------------
This is a Full version of ISim.
Time resolution is 1 ps
# onerror resume
# wave add /
# run 1000 ns
Simulator is doing circuit initialization process.
***xxxxxxxxxxxxxxxxxxxxxxxxxxxxxxxx          0
***xxxxxxxxxxxxxxxxxxxxxxxxxxxxxxxx          0
***xxxxxxxxxxxxxxxxxxxxxxxxxxxxxxxx          0
Finished circuit initialization process.
***00000000000000000000000000000000          0
@00003000: $ 8 <= 00000000
***00000000000000000000000000000000          0
@00003004: $ 9 <= 00000001
***00000000000000000000000000000001          1
***00000000000000000000000000000000          0
@00003008: $11 <= 00000002
***00000000000000000000000000000010          1
***00000000000000000000000000000000          0
@0000300c: $10 <= 00000008
***00000000000000000000000000001000          1
***00000000000000000000000000000000          0
@00003010: $29 <= 00000100
***00000000000000000000000100000000          1
***00000000000000000000000000000000          0
***00000000000000000000000000000000          0
@00003014: $16 <= 00000000
***00000000000000000000000000000000          0
***00000000000000000000000000000000          0
@00003018: $ 4 <= 0000000a
***00000000000000000000000000001010          2
***00000000000000000000000000000000          0
***00000000000000000000000000000000          0
@0000301c: $31 <= 00003020
***00000000000000000000000000001010          2
***00000000000000000000000000001010          2
***00000000000000000000000000001010          2
***00000000000000000000000100000000          1
@0000302c: $29 <= 000000f8
***00000000000000000000000011111000          5
***00000000000000000000000011111000          5
***00000000000000000000000011111000          5
@00003030: *000000f8 <= 0000000a
***00000000000000000000000011111000          5
@00003034: *000000fc <= 00003020
***00000000000000000000000000001010          2
***00000000000000000000000000001010          2
@00003038: $ 4 <= 00000009
***00000000000000000000000000001001          2
***00000000000000000000000000000000          0
@0000303c: $31 <= 00003040
***00000000000000000000000000001001          2
***00000000000000000000000000001001          2
***00000000000000000000000000001001          2
***00000000000000000000000011111000          5
@0000302c: $29 <= 000000f0
***00000000000000000000000011110000          4
***00000000000000000000000011110000          4
***00000000000000000000000011110000          4
@00003030: *000000f0 <= 00000009
***00000000000000000000000011110000          4
@00003034: *000000f4 <= 00003040
***00000000000000000000000000001001          2
***00000000000000000000000000001001          2
@00003038: $ 4 <= 00000008
***00000000000000000000000000001000          1
***00000000000000000000000000000000          0
@0000303c: $31 <= 00003040
***00000000000000000000000000001000          1
***00000000000000000000000000001000          1
***00000000000000000000000000001000          1
***00000000000000000000000011110000          4
@0000302c: $29 <= 000000e8
***00000000000000000000000011101000          4
***00000000000000000000000011101000          4
***00000000000000000000000011101000          4
@00003030: *000000e8 <= 00000008
***00000000000000000000000011101000          4
@00003034: *000000ec <= 00003040
***00000000000000000000000000001000          1
***00000000000000000000000000001000          1
@00003038: $ 4 <= 00000007
***00000000000000000000000000000111          3
***00000000000000000000000000000000          0
@0000303c: $31 <= 00003040
***00000000000000000000000000000111          3
***00000000000000000000000000000111          3
***00000000000000000000000000000111          3
***00000000000000000000000011101000          4
@0000302c: $29 <= 000000e0
***00000000000000000000000011100000          3
***00000000000000000000000011100000          3
***00000000000000000000000011100000          3
@00003030: *000000e0 <= 00000007
***00000000000000000000000011100000          3
@00003034: *000000e4 <= 00003040
***00000000000000000000000000000111          3
***00000000000000000000000000000111          3
@00003038: $ 4 <= 00000006
***00000000000000000000000000000110          2
***00000000000000000000000000000000          0
@0000303c: $31 <= 00003040
***00000000000000000000000000000110          2
***00000000000000000000000000000110          2
***00000000000000000000000000000110          2
***00000000000000000000000011100000          3
@0000302c: $29 <= 000000d8
***00000000000000000000000011011000          4
***00000000000000000000000011011000          4
***00000000000000000000000011011000          4
@00003030: *000000d8 <= 00000006
***00000000000000000000000011011000          4
@00003034: *000000dc <= 00003040
***00000000000000000000000000000110          2
***00000000000000000000000000000110          2
@00003038: $ 4 <= 00000005
***00000000000000000000000000000101          2
***00000000000000000000000000000000          0
@0000303c: $31 <= 00003040
***00000000000000000000000000000101          2
***00000000000000000000000000000101          2
***00000000000000000000000000000101          2
***00000000000000000000000011011000          4
@0000302c: $29 <= 000000d0
***00000000000000000000000011010000          3
***00000000000000000000000011010000          3
***00000000000000000000000011010000          3
@00003030: *000000d0 <= 00000005
***00000000000000000000000011010000          3
@00003034: *000000d4 <= 00003040
***00000000000000000000000000000101          2
***00000000000000000000000000000101          2
@00003038: $ 4 <= 00000004
***00000000000000000000000000000100          1
***00000000000000000000000000000000          0
@0000303c: $31 <= 00003040
***00000000000000000000000000000100          1
***00000000000000000000000000000100          1
***00000000000000000000000000000100          1
***00000000000000000000000011010000          3
@0000302c: $29 <= 000000c8
***00000000000000000000000011001000          3
***00000000000000000000000011001000          3
***00000000000000000000000011001000          3
@00003030: *000000c8 <= 00000004
***00000000000000000000000011001000          3
@00003034: *000000cc <= 00003040
***00000000000000000000000000000100          1
***00000000000000000000000000000100          1
@00003038: $ 4 <= 00000003
***00000000000000000000000000000011          2
***00000000000000000000000000000000          0
@0000303c: $31 <= 00003040
***00000000000000000000000000000011          2
***00000000000000000000000000000011          2
***00000000000000000000000000000011          2
***00000000000000000000000011001000          3
@0000302c: $29 <= 000000c0
***00000000000000000000000011000000          2
***00000000000000000000000011000000          2
***00000000000000000000000011000000          2
@00003030: *000000c0 <= 00000003
***00000000000000000000000011000000          2
@00003034: *000000c4 <= 00003040
***00000000000000000000000000000011          2
***00000000000000000000000000000011          2
@00003038: $ 4 <= 00000002
***00000000000000000000000000000010          1
***00000000000000000000000000000000          0
@0000303c: $31 <= 00003040
***00000000000000000000000000000010          1
***00000000000000000000000000000010          1
***00000000000000000000000000000010          1
***00000000000000000000000011000000          2
@0000302c: $29 <= 000000b8
***00000000000000000000000010111000          4
***00000000000000000000000010111000          4
***00000000000000000000000010111000          4
@00003030: *000000b8 <= 00000002
***00000000000000000000000010111000          4
@00003034: *000000bc <= 00003040
***00000000000000000000000000000010          1
***00000000000000000000000000000010          1
@00003038: $ 4 <= 00000001
***00000000000000000000000000000001          1
***00000000000000000000000000000000          0
@0000303c: $31 <= 00003040
***00000000000000000000000000000001          1
***00000000000000000000000000000001          1
***00000000000000000000000000000001          1
***00000000000000000000000000000000          0
***00000000000000000000000000000000          0
@00003070: $16 <= 00000001
***00000000000000000000000000000001          1
***00000000000000000011000001000000          3
***00000000000000000000000010111000          4
***00000000000000000000000010111000          4
@00003040: $ 4 <= 00000002
***00000000000000000000000010111000          4
@00003044: $31 <= 00003040
***00000000000000000000000010111000          4
***00000000000000000000000010111000          4
@00003048: $29 <= 000000c0
***00000000000000000000000011000000          2
***00000000000000000000000011000000          2
@0000304c: $29 <= 000000b8
***00000000000000000000000010111000          4
***00000000000000000000000010111000          4
***00000000000000000000000010111000          4
@00003050: *000000b8 <= 00000002
***00000000000000000000000010111000          4
@00003054: *000000bc <= 00003040
***00000000000000000000000000000010          1
***00000000000000000000000000000010          1
@00003058: $ 4 <= 00000000
***00000000000000000000000000000000          0
***00000000000000000000000000000000          0
@0000305c: $31 <= 00003060
***00000000000000000000000000000000          0
***00000000000000000011000001100000          4
***00000000000000000011000001100000          4
***00000000000000000000000010111000          4
@00003060: $ 4 <= 00000002
***00000000000000000000000010111000          4
@00003064: $31 <= 00003040
***00000000000000000000000010111000          4
***00000000000000000000000010111000          4
@00003068: $29 <= 000000c0
***00000000000000000000000011000000          2
***00000000000000000011000001000000          3
***00000000000000000000000011000000          2
***00000000000000000000000011000000          2
@00003040: $ 4 <= 00000003
***00000000000000000000000011000000          2
@00003044: $31 <= 00003040
***00000000000000000000000011000000          2
***00000000000000000000000011000000          2
@00003048: $29 <= 000000c8
***00000000000000000000000011001000          3
***00000000000000000000000011001000          3
@0000304c: $29 <= 000000c0
***00000000000000000000000011000000          2
***00000000000000000000000011000000          2
***00000000000000000000000011000000          2
@00003050: *000000c0 <= 00000003
***00000000000000000000000011000000          2
@00003054: *000000c4 <= 00003040
***00000000000000000000000000000011          2
***00000000000000000000000000000011          2
@00003058: $ 4 <= 00000001
***00000000000000000000000000000001          1
***00000000000000000000000000000000          0
@0000305c: $31 <= 00003060
***00000000000000000000000000000001          1
***00000000000000000000000000000001          1
***00000000000000000000000000000001          1
***00000000000000000000000000000001          1
@00003070: $16 <= 00000002
***00000000000000000000000000000010          1
***00000000000000000011000001100000          4
