ISim log file
Running: D:\tongt\Desktop\P5\P5_theSecondEdition\test_mips_isim_beh.exe -intstyle ise -gui -tclbatch isim.cmd -wdb D:/tongt/Desktop/P5/P5_theSecondEdition/test_mips_isim_beh.wdb 
ISim P.20131013 (signature 0x7708f090)
----------------------------------------------------------------------
WARNING:Security:42 - Your software subscription period has lapsed. Your current version of Xilinx tools will continue to function, but you no longer qualify for Xilinx software updates or new releases.


----------------------------------------------------------------------
This is a Full version of ISim.
Time resolution is 1 ps
# onerror resume
# wave add /
# run 1000 ns
Simulator is doing circuit initialization process.
Finished circuit initialization process.
                  45@00003000: $ 1 <= 00000064
                  45@00003004: *00000000 <= 00000064
                  65@0000300c: *00000000 <= 00000064
# restart
# run 1.00us
Simulator is doing circuit initialization process.
Finished circuit initialization process.
                  45@00003000: $ 1 <= 00000064
                  45@00003004: *00000000 <= 00000064
                  65@0000300c: *00000000 <= 00000064
