ISim log file
Running: D:\tongt\Desktop\P5\P5_theThirdEdition\test_mips_isim_beh.exe -intstyle ise -gui -tclbatch isim.cmd -wdb D:/tongt/Desktop/P5/P5_theThirdEdition/test_mips_isim_beh.wdb 
ISim P.20131013 (signature 0x7708f090)
----------------------------------------------------------------------
WARNING:Security:42 - Your software subscription period has lapsed. Your current version of Xilinx tools will continue to function, but you no longer qualify for Xilinx software updates or new releases.


----------------------------------------------------------------------
This is a Full version of ISim.
Time resolution is 1 ps
# onerror resume
# wave add /
# run 1000 ns
Simulator is doing circuit initialization process.
Finished circuit initialization process.
                  45@00003000: $28 <= 00000000
                  55@00003004: $29 <= 00000000
                  65@00003008: $ 1 <= 00001010
                  75@0000300c: $10 <= 00000000
                  75@00003010: *00000000 <= 00001010
                  95@00003014: $ 2 <= 87230000
                 105@00003018: $ 3 <= 00007856
                 115@0000301c: $ 4 <= 85ff0000
                 125@00003020: $ 5 <= 00000001
                 135@00003024: $ 6 <= ffff0000
                 145@00003028: $ 7 <= 0000ffff
                 155@0000302c: $ 1 <= 87231010
                 165@00003030: $ 9 <= 87238866
                 175@00003034: $ 8 <= 00001010
                 285@00003068: $ 2 <= 0000000c
                 325@00003078: $31 <= 00003080
                 325@0000307c: *0000000c <= 87231010
                 345@00003088: $ 1 <= 8723101c
                 355@0000308c: $ 1 <= 87231028
                 365@00003090: $ 1 <= 87231034
                 365@00003094: *0000000c <= 00003080
                 385@00003098: $ 1 <= 00003080
                 425@000030ac: *0000000c <= 00003080
                 455@00003084: $ 1 <= 0000308c
